
2025/01/19 (15:21:03) | ===> btop++ v.1.4.0
2025/01/19 (15:21:03) | WARNING: Intel GPU: Failed to initialize PMU

2025/01/19 (15:23:02) | ===> btop++ v.1.4.0
2025/01/19 (15:23:02) | WARNING: Intel GPU: Failed to initialize PMU

2025/01/19 (15:26:24) | ===> btop++ v.1.4.0
2025/01/19 (15:26:24) | WARNING: Intel GPU: Failed to initialize PMU

2025/01/19 (15:26:58) | ===> btop++ v.1.4.0
2025/01/19 (15:26:58) | WARNING: Intel GPU: Failed to initialize PMU

2025/01/19 (15:30:35) | ===> btop++ v.1.4.0
2025/01/19 (15:30:35) | WARNING: Intel GPU: Failed to initialize PMU

2025/01/19 (15:32:16) | ===> btop++ v.1.4.0
2025/01/19 (15:32:16) | WARNING: Intel GPU: Failed to initialize PMU

2025/01/19 (15:32:43) | ===> btop++ v.1.4.0
2025/01/19 (15:32:43) | WARNING: Intel GPU: Failed to initialize PMU

2025/01/19 (15:33:23) | ===> btop++ v.1.4.0
2025/01/19 (15:33:23) | WARNING: Intel GPU: Failed to initialize PMU

2025/01/19 (15:34:21) | ===> btop++ v.1.4.0
2025/01/19 (15:34:21) | WARNING: Intel GPU: Failed to initialize PMU

2025/01/19 (15:34:52) | ===> btop++ v.1.4.0
2025/01/19 (15:34:52) | WARNING: Intel GPU: Failed to initialize PMU

2025/01/19 (15:35:24) | ===> btop++ v.1.4.0
2025/01/19 (15:35:24) | WARNING: Intel GPU: Failed to initialize PMU

2025/01/19 (15:36:03) | ===> btop++ v.1.4.0
2025/01/19 (15:36:03) | WARNING: Intel GPU: Failed to initialize PMU

2025/01/19 (15:37:33) | ===> btop++ v.1.4.0
2025/01/19 (15:37:33) | WARNING: Intel GPU: Failed to initialize PMU

2025/01/19 (15:38:15) | ===> btop++ v.1.4.0
2025/01/19 (15:38:15) | WARNING: Intel GPU: Failed to initialize PMU

2025/01/19 (15:38:23) | ===> btop++ v.1.4.0
2025/01/19 (15:38:23) | WARNING: Intel GPU: Failed to initialize PMU

2025/01/19 (15:57:52) | ===> btop++ v.1.4.0
2025/01/19 (15:57:52) | WARNING: Intel GPU: Failed to initialize PMU

2025/01/19 (15:58:26) | ===> btop++ v.1.4.0
2025/01/19 (15:58:26) | WARNING: Intel GPU: Failed to initialize PMU

2025/01/19 (15:58:44) | ===> btop++ v.1.4.0
2025/01/19 (15:58:44) | WARNING: Intel GPU: Failed to initialize PMU

2025/01/19 (15:59:07) | ===> btop++ v.1.4.0
2025/01/19 (15:59:07) | WARNING: Intel GPU: Failed to initialize PMU

2025/01/19 (15:59:24) | ===> btop++ v.1.4.0
2025/01/19 (15:59:24) | WARNING: Intel GPU: Failed to initialize PMU

2025/01/19 (21:29:16) | ===> btop++ v.1.4.0
2025/01/19 (21:29:16) | WARNING: Intel GPU: Failed to initialize PMU

2025/01/20 (07:44:17) | ===> btop++ v.1.4.0
2025/01/20 (07:44:17) | WARNING: Intel GPU: Failed to initialize PMU

2025/01/20 (12:51:37) | ===> btop++ v.1.4.0
2025/01/20 (12:51:37) | WARNING: Intel GPU: Failed to initialize PMU

2025/01/20 (16:26:08) | ===> btop++ v.1.4.0
2025/01/20 (16:26:08) | WARNING: Intel GPU: Failed to initialize PMU

2025/01/20 (16:26:54) | ===> btop++ v.1.4.0
2025/01/20 (16:26:54) | WARNING: Intel GPU: Failed to initialize PMU

2025/01/20 (16:28:32) | ===> btop++ v.1.4.0
2025/01/20 (16:28:32) | WARNING: Intel GPU: Failed to initialize PMU

2025/01/20 (16:45:18) | ===> btop++ v.1.4.0
2025/01/20 (16:45:18) | WARNING: Intel GPU: Failed to initialize PMU

2025/01/20 (16:45:28) | ===> btop++ v.1.4.0
2025/01/20 (16:45:28) | WARNING: Intel GPU: Failed to initialize PMU

2025/01/20 (16:45:35) | ===> btop++ v.1.4.0
2025/01/20 (16:45:35) | WARNING: Intel GPU: Failed to initialize PMU

2025/01/20 (16:45:40) | ===> btop++ v.1.4.0
2025/01/20 (16:45:40) | WARNING: Intel GPU: Failed to initialize PMU

2025/01/20 (16:45:45) | ===> btop++ v.1.4.0
2025/01/20 (16:45:45) | WARNING: Intel GPU: Failed to initialize PMU

2025/01/20 (16:45:54) | ===> btop++ v.1.4.0
2025/01/20 (16:45:54) | WARNING: Intel GPU: Failed to initialize PMU

2025/01/20 (17:30:04) | ===> btop++ v.1.4.0
2025/01/20 (17:30:04) | WARNING: Intel GPU: Failed to initialize PMU

2025/01/20 (17:30:13) | ===> btop++ v.1.4.0
2025/01/20 (17:30:13) | WARNING: Intel GPU: Failed to initialize PMU

2025/01/20 (17:30:24) | ===> btop++ v.1.4.0
2025/01/20 (17:30:24) | WARNING: Intel GPU: Failed to initialize PMU

2025/01/20 (17:32:51) | ===> btop++ v.1.4.0
2025/01/20 (17:32:51) | WARNING: Intel GPU: Failed to initialize PMU

2025/01/20 (17:40:05) | ===> btop++ v.1.4.0
2025/01/20 (17:40:05) | WARNING: Intel GPU: Failed to initialize PMU

2025/01/20 (17:42:05) | ===> btop++ v.1.4.0
2025/01/20 (17:42:05) | WARNING: Intel GPU: Failed to initialize PMU

2025/01/20 (17:55:28) | ===> btop++ v.1.4.0
2025/01/20 (17:55:28) | WARNING: Intel GPU: Failed to initialize PMU

2025/01/20 (17:55:54) | ===> btop++ v.1.4.0
2025/01/20 (17:55:54) | WARNING: Intel GPU: Failed to initialize PMU

2025/01/20 (19:30:16) | ===> btop++ v.1.4.0
2025/01/20 (19:30:16) | WARNING: Intel GPU: Failed to initialize PMU

2025/01/20 (19:54:10) | ===> btop++ v.1.4.0
2025/01/20 (19:54:10) | WARNING: Intel GPU: Failed to initialize PMU

2025/01/20 (19:57:36) | ===> btop++ v.1.4.0
2025/01/20 (19:57:36) | WARNING: Intel GPU: Failed to initialize PMU

2025/01/20 (19:58:48) | ===> btop++ v.1.4.0
2025/01/20 (19:58:48) | WARNING: Intel GPU: Failed to initialize PMU

2025/01/20 (20:16:02) | ===> btop++ v.1.4.0
2025/01/20 (20:16:02) | WARNING: Intel GPU: Failed to initialize PMU

2025/01/20 (20:17:12) | ===> btop++ v.1.4.0
2025/01/20 (20:17:12) | WARNING: Intel GPU: Failed to initialize PMU

2025/01/20 (20:18:06) | ===> btop++ v.1.4.0
2025/01/20 (20:18:06) | WARNING: Intel GPU: Failed to initialize PMU

2025/01/20 (20:18:25) | ===> btop++ v.1.4.0
2025/01/20 (20:18:25) | WARNING: Intel GPU: Failed to initialize PMU

2025/01/20 (20:20:21) | ===> btop++ v.1.4.0
2025/01/20 (20:20:21) | WARNING: Intel GPU: Failed to initialize PMU

2025/01/20 (20:22:45) | ===> btop++ v.1.4.0
2025/01/20 (20:22:45) | WARNING: Intel GPU: Failed to initialize PMU

2025/01/20 (20:26:51) | ===> btop++ v.1.4.0
2025/01/20 (20:26:51) | WARNING: Intel GPU: Failed to initialize PMU

2025/01/20 (20:35:39) | ===> btop++ v.1.4.0
2025/01/20 (20:35:39) | WARNING: Intel GPU: Failed to initialize PMU

2025/01/20 (20:36:05) | ===> btop++ v.1.4.0
2025/01/20 (20:36:05) | WARNING: Intel GPU: Failed to initialize PMU

2025/01/20 (20:36:21) | ===> btop++ v.1.4.0
2025/01/20 (20:36:21) | WARNING: Intel GPU: Failed to initialize PMU

2025/01/20 (20:43:57) | ===> btop++ v.1.4.0
2025/01/20 (20:43:57) | WARNING: Intel GPU: Failed to initialize PMU

2025/01/20 (20:47:43) | ===> btop++ v.1.4.0
2025/01/20 (20:47:43) | WARNING: Intel GPU: Failed to initialize PMU

2025/01/20 (20:50:01) | ===> btop++ v.1.4.0
2025/01/20 (20:50:01) | WARNING: Intel GPU: Failed to initialize PMU

2025/01/20 (20:50:42) | ===> btop++ v.1.4.0
2025/01/20 (20:50:42) | WARNING: Intel GPU: Failed to initialize PMU

2025/01/20 (21:46:23) | ===> btop++ v.1.4.0
2025/01/20 (21:46:23) | WARNING: Intel GPU: Failed to initialize PMU

2025/01/21 (20:35:54) | ===> btop++ v.1.4.0
2025/01/21 (20:35:54) | WARNING: Intel GPU: Failed to initialize PMU

2025/01/22 (19:25:24) | ===> btop++ v.1.4.0
2025/01/22 (19:25:24) | WARNING: Intel GPU: Failed to initialize PMU

2025/01/22 (20:26:32) | ===> btop++ v.1.4.0
2025/01/22 (20:26:32) | WARNING: Intel GPU: Failed to initialize PMU

2025/01/22 (20:28:45) | ===> btop++ v.1.4.0
2025/01/22 (20:28:45) | WARNING: Intel GPU: Failed to initialize PMU

2025/01/22 (22:29:42) | ===> btop++ v.1.4.0
2025/01/22 (22:29:42) | WARNING: Intel GPU: Failed to initialize PMU

2025/01/22 (22:30:02) | ===> btop++ v.1.4.0
2025/01/22 (22:30:02) | WARNING: Intel GPU: Failed to initialize PMU

2025/01/23 (07:45:00) | ===> btop++ v.1.4.0
2025/01/23 (07:45:00) | WARNING: Intel GPU: Failed to initialize PMU

2025/01/23 (19:42:27) | ===> btop++ v.1.4.0
2025/01/23 (19:42:27) | WARNING: Intel GPU: Failed to initialize PMU

2025/01/24 (08:06:21) | ===> btop++ v.1.4.0
2025/01/24 (08:06:21) | WARNING: Intel GPU: Failed to initialize PMU

2025/01/24 (11:18:16) | ===> btop++ v.1.4.0
2025/01/24 (11:18:16) | WARNING: Intel GPU: Failed to initialize PMU

2025/01/24 (12:16:33) | ===> btop++ v.1.4.0
2025/01/24 (12:16:33) | WARNING: Intel GPU: Failed to initialize PMU

2025/01/25 (18:10:14) | ===> btop++ v.1.4.0
2025/01/25 (18:10:14) | WARNING: Intel GPU: Failed to initialize PMU

2025/01/25 (18:10:28) | ===> btop++ v.1.4.0
2025/01/25 (18:10:28) | WARNING: Intel GPU: Failed to initialize PMU

2025/01/25 (23:20:24) | ===> btop++ v.1.4.0
2025/01/25 (23:20:24) | WARNING: Intel GPU: Failed to initialize PMU

2025/01/25 (23:33:09) | ===> btop++ v.1.4.0
2025/01/25 (23:33:09) | WARNING: Intel GPU: Failed to initialize PMU

2025/01/25 (23:36:59) | ===> btop++ v.1.4.0
2025/01/25 (23:36:59) | WARNING: Intel GPU: Failed to initialize PMU

2025/01/26 (11:16:51) | ===> btop++ v.1.4.0
2025/01/26 (11:16:51) | WARNING: Intel GPU: Failed to initialize PMU

2025/01/26 (22:14:29) | ===> btop++ v.1.4.0
2025/01/26 (22:14:29) | WARNING: Intel GPU: Failed to initialize PMU

2025/01/27 (06:13:46) | ===> btop++ v.1.4.0
2025/01/27 (06:13:46) | WARNING: Intel GPU: Failed to initialize PMU

2025/01/27 (19:57:33) | ===> btop++ v.1.4.0
2025/01/27 (19:57:33) | WARNING: Intel GPU: Failed to initialize PMU

2025/01/28 (08:51:09) | ===> btop++ v.1.4.0
2025/01/28 (08:51:09) | WARNING: Intel GPU: Failed to initialize PMU

2025/01/28 (09:46:42) | ===> btop++ v.1.4.0
2025/01/28 (09:46:42) | WARNING: Intel GPU: Failed to initialize PMU

2025/01/28 (12:08:14) | ===> btop++ v.1.4.0
2025/01/28 (12:08:14) | WARNING: Intel GPU: Failed to initialize PMU

2025/01/28 (15:48:11) | ===> btop++ v.1.4.0
2025/01/28 (15:48:11) | WARNING: Intel GPU: Failed to initialize PMU

2025/01/28 (15:48:20) | ===> btop++ v.1.4.0
2025/01/28 (15:48:20) | WARNING: Intel GPU: Failed to initialize PMU

2025/01/30 (19:02:15) | ===> btop++ v.1.4.0
2025/01/30 (19:02:15) | WARNING: Intel GPU: Failed to initialize PMU

2025/01/31 (19:34:25) | ===> btop++ v.1.4.0
2025/01/31 (19:34:25) | WARNING: Intel GPU: Failed to initialize PMU

2025/02/01 (11:34:05) | ===> btop++ v.1.4.0
2025/02/01 (11:34:05) | WARNING: Intel GPU: Failed to initialize PMU

2025/02/01 (16:13:56) | ===> btop++ v.1.4.0
2025/02/01 (16:13:56) | WARNING: Intel GPU: Failed to initialize PMU

2025/02/02 (12:31:07) | ===> btop++ v.1.4.0
2025/02/02 (12:31:07) | WARNING: Intel GPU: Failed to initialize PMU

2025/02/02 (18:49:23) | ===> btop++ v.1.4.0
2025/02/02 (18:49:23) | WARNING: Intel GPU: Failed to initialize PMU

2025/02/03 (09:52:33) | ===> btop++ v.1.4.0
2025/02/03 (09:52:33) | WARNING: Intel GPU: Failed to initialize PMU

2025/02/03 (10:42:40) | ===> btop++ v.1.4.0
2025/02/03 (10:42:40) | WARNING: Intel GPU: Failed to initialize PMU

2025/02/03 (10:42:48) | ===> btop++ v.1.4.0
2025/02/03 (10:42:48) | WARNING: Intel GPU: Failed to initialize PMU

2025/02/03 (19:06:45) | ===> btop++ v.1.4.0
2025/02/03 (19:06:45) | WARNING: Intel GPU: Failed to initialize PMU

2025/02/04 (18:56:12) | ===> btop++ v.1.4.0
2025/02/04 (18:56:12) | WARNING: Intel GPU: Failed to initialize PMU

2025/02/04 (21:19:14) | ===> btop++ v.1.4.0
2025/02/04 (21:19:14) | WARNING: Intel GPU: Failed to initialize PMU

2025/02/05 (06:01:50) | ===> btop++ v.1.4.0
2025/02/05 (06:01:50) | WARNING: Intel GPU: Failed to initialize PMU

2025/02/07 (18:14:54) | ===> btop++ v.1.4.0
2025/02/07 (18:14:54) | WARNING: Intel GPU: Failed to initialize PMU

2025/02/07 (19:28:32) | ===> btop++ v.1.4.0
2025/02/07 (19:28:32) | WARNING: Intel GPU: Failed to initialize PMU

2025/02/07 (19:32:59) | ===> btop++ v.1.4.0
2025/02/07 (19:32:59) | WARNING: Intel GPU: Failed to initialize PMU

2025/02/11 (20:01:12) | ===> btop++ v.1.4.0
2025/02/11 (20:01:12) | WARNING: Intel GPU: Failed to initialize PMU

2025/02/11 (20:01:27) | ===> btop++ v.1.4.0
2025/02/11 (20:01:27) | WARNING: Intel GPU: Failed to initialize PMU

2025/02/11 (20:08:08) | ===> btop++ v.1.4.0
2025/02/11 (20:08:08) | WARNING: Intel GPU: Failed to initialize PMU

2025/02/11 (20:23:27) | ===> btop++ v.1.4.0
2025/02/11 (20:23:27) | WARNING: Intel GPU: Failed to initialize PMU

2025/02/12 (14:37:13) | ===> btop++ v.1.4.0
2025/02/12 (14:37:13) | WARNING: Intel GPU: Failed to initialize PMU

2025/02/12 (14:37:25) | ===> btop++ v.1.4.0
2025/02/12 (14:37:25) | WARNING: Intel GPU: Failed to initialize PMU

2025/02/12 (15:02:34) | ===> btop++ v.1.4.0
2025/02/12 (15:02:34) | WARNING: Intel GPU: Failed to initialize PMU

2025/02/12 (21:38:09) | ===> btop++ v.1.4.0
2025/02/12 (21:38:09) | WARNING: Intel GPU: Failed to initialize PMU

2025/02/13 (09:28:44) | ===> btop++ v.1.4.0
2025/02/13 (09:28:44) | WARNING: Intel GPU: Failed to initialize PMU

2025/02/13 (09:28:52) | ===> btop++ v.1.4.0
2025/02/13 (09:28:52) | WARNING: Intel GPU: Failed to initialize PMU
2025/02/13 (09:53:47) | WARNING: Failed to join _runner thread on exit!

2025/02/13 (09:53:55) | ===> btop++ v.1.4.0
2025/02/13 (09:53:55) | WARNING: Intel GPU: Failed to initialize PMU

2025/02/13 (11:19:08) | ===> btop++ v.1.4.0
2025/02/13 (11:19:08) | WARNING: Intel GPU: Failed to initialize PMU

2025/02/13 (13:40:58) | ===> btop++ v.1.4.0
2025/02/13 (13:40:58) | WARNING: Intel GPU: Failed to initialize PMU

2025/02/13 (16:28:37) | ===> btop++ v.1.4.0
2025/02/13 (16:28:37) | WARNING: Intel GPU: Failed to initialize PMU

2025/02/14 (19:56:30) | ===> btop++ v.1.4.0
2025/02/14 (19:56:30) | WARNING: Intel GPU: Failed to initialize PMU

2025/02/16 (09:26:32) | ===> btop++ v.1.4.0
2025/02/16 (09:26:32) | WARNING: Intel GPU: Failed to initialize PMU

2025/02/16 (09:49:51) | ===> btop++ v.1.4.0
2025/02/16 (09:49:51) | WARNING: Intel GPU: Failed to initialize PMU

2025/02/18 (09:31:42) | ===> btop++ v.1.4.0
2025/02/18 (09:31:42) | WARNING: Intel GPU: Failed to initialize PMU

2025/02/18 (11:14:59) | ===> btop++ v.1.4.0
2025/02/18 (11:14:59) | WARNING: Intel GPU: Failed to initialize PMU

2025/02/18 (13:40:52) | ===> btop++ v.1.4.0
2025/02/18 (13:40:52) | WARNING: Intel GPU: Failed to initialize PMU

2025/02/18 (18:39:26) | ===> btop++ v.1.4.0
2025/02/18 (18:39:26) | WARNING: Intel GPU: Failed to initialize PMU

2025/02/19 (12:34:14) | ===> btop++ v.1.4.0
2025/02/19 (12:34:14) | WARNING: Intel GPU: Failed to initialize PMU

2025/02/19 (15:15:31) | ===> btop++ v.1.4.0
2025/02/19 (15:15:31) | WARNING: Intel GPU: Failed to initialize PMU

2025/02/20 (09:42:04) | ===> btop++ v.1.4.0
2025/02/20 (09:42:04) | WARNING: Intel GPU: Failed to initialize PMU

2025/02/20 (14:06:58) | ===> btop++ v.1.4.0
2025/02/20 (14:06:58) | WARNING: Intel GPU: Failed to initialize PMU

2025/02/22 (09:08:22) | ===> btop++ v.1.4.0
2025/02/22 (09:08:22) | WARNING: Intel GPU: Failed to initialize PMU

2025/02/22 (09:46:42) | ===> btop++ v.1.4.0
2025/02/22 (09:46:42) | WARNING: Intel GPU: Failed to initialize PMU

2025/02/23 (09:33:21) | ===> btop++ v.1.4.0
2025/02/23 (09:33:21) | WARNING: Intel GPU: Failed to initialize PMU

2025/02/23 (14:18:26) | ===> btop++ v.1.4.0
2025/02/23 (14:18:26) | WARNING: Intel GPU: Failed to initialize PMU

2025/02/23 (14:19:42) | ===> btop++ v.1.4.0
2025/02/23 (14:19:42) | WARNING: Intel GPU: Failed to initialize PMU

2025/02/23 (14:21:18) | ===> btop++ v.1.4.0
2025/02/23 (14:21:18) | WARNING: Intel GPU: Failed to initialize PMU
2025/02/23 (14:21:56) | ERROR: Stall in Runner thread, restarting!

2025/02/23 (14:23:36) | ===> btop++ v.1.4.0
2025/02/23 (14:23:36) | WARNING: Intel GPU: Failed to initialize PMU

2025/02/23 (14:25:58) | ===> btop++ v.1.4.0
2025/02/23 (14:25:58) | WARNING: Intel GPU: Failed to initialize PMU

2025/02/25 (09:45:15) | ===> btop++ v.1.4.0
2025/02/25 (09:45:15) | WARNING: Intel GPU: Failed to initialize PMU

2025/02/26 (12:15:12) | ===> btop++ v.1.4.0
2025/02/26 (12:15:12) | WARNING: Intel GPU: Failed to initialize PMU

2025/02/26 (13:31:39) | ===> btop++ v.1.4.0
2025/02/26 (13:31:39) | WARNING: Intel GPU: Failed to initialize PMU

2025/02/26 (13:32:05) | ===> btop++ v.1.4.0
2025/02/26 (13:32:05) | WARNING: Intel GPU: Failed to initialize PMU

2025/02/26 (15:08:47) | ===> btop++ v.1.4.0
2025/02/26 (15:08:47) | WARNING: Intel GPU: Failed to initialize PMU

2025/02/27 (09:30:24) | ===> btop++ v.1.4.0
2025/02/27 (09:30:24) | WARNING: Intel GPU: Failed to initialize PMU

2025/02/27 (14:24:58) | ===> btop++ v.1.4.0
2025/02/27 (14:24:58) | WARNING: Intel GPU: Failed to initialize PMU

2025/03/01 (12:46:13) | ===> btop++ v.1.4.0
2025/03/01 (12:46:13) | WARNING: Intel GPU: Failed to initialize PMU

2025/03/01 (12:57:46) | ===> btop++ v.1.4.0
2025/03/01 (12:57:46) | WARNING: Intel GPU: Failed to initialize PMU

2025/03/01 (15:40:15) | ===> btop++ v.1.4.0
2025/03/01 (15:40:15) | WARNING: Intel GPU: Failed to initialize PMU

2025/03/01 (20:13:37) | ===> btop++ v.1.4.0
2025/03/01 (20:13:37) | WARNING: Intel GPU: Failed to initialize PMU

2025/03/02 (11:55:38) | ===> btop++ v.1.4.0
2025/03/02 (11:55:38) | WARNING: Intel GPU: Failed to initialize PMU

2025/03/03 (18:59:32) | ===> btop++ v.1.4.0
2025/03/03 (18:59:32) | WARNING: Intel GPU: Failed to initialize PMU

2025/03/04 (11:15:24) | ===> btop++ v.1.4.0
2025/03/04 (11:15:24) | WARNING: Intel GPU: Failed to initialize PMU

2025/03/04 (14:44:47) | ===> btop++ v.1.4.0
2025/03/04 (14:44:47) | WARNING: Intel GPU: Failed to initialize PMU

2025/03/04 (18:58:51) | ===> btop++ v.1.4.0
2025/03/04 (18:58:51) | WARNING: Intel GPU: Failed to initialize PMU

2025/03/03 (20:04:33) | ===> btop++ v.1.4.0
2025/03/03 (20:04:33) | WARNING: Intel GPU: Failed to initialize PMU

2025/03/03 (20:10:17) | ===> btop++ v.1.4.0
2025/03/03 (20:10:17) | WARNING: Intel GPU: Failed to initialize PMU

2025/04/03 (20:12:09) | ===> btop++ v.1.4.0
2025/04/03 (20:12:09) | WARNING: Intel GPU: Failed to initialize PMU

2025/04/04 (15:10:32) | ===> btop++ v.1.4.0
2025/04/04 (15:10:32) | WARNING: Intel GPU: Failed to initialize PMU

2025/03/06 (07:55:14) | ===> btop++ v.1.4.0
2025/03/06 (07:55:14) | WARNING: Intel GPU: Failed to initialize PMU

2025/03/06 (19:29:53) | ===> btop++ v.1.4.0
2025/03/06 (19:29:53) | WARNING: Intel GPU: Failed to initialize PMU

2025/03/06 (21:11:34) | ===> btop++ v.1.4.0
2025/03/06 (21:11:34) | WARNING: Intel GPU: Failed to initialize PMU
2025/03/06 (21:13:02) | ERROR: Stall in Runner thread, restarting!

2025/03/06 (21:14:29) | ===> btop++ v.1.4.0
2025/03/06 (21:14:29) | WARNING: Intel GPU: Failed to initialize PMU

2025/03/06 (21:34:35) | ===> btop++ v.1.4.0
2025/03/06 (21:34:35) | WARNING: Intel GPU: Failed to initialize PMU

2025/03/06 (21:47:18) | ===> btop++ v.1.4.0
2025/03/06 (21:47:18) | WARNING: Intel GPU: Failed to initialize PMU

2025/03/06 (21:51:13) | ===> btop++ v.1.4.0
2025/03/06 (21:51:13) | WARNING: Intel GPU: Failed to initialize PMU

2025/03/06 (21:59:05) | ===> btop++ v.1.4.0
2025/03/06 (21:59:05) | WARNING: Intel GPU: Failed to initialize PMU

2025/03/06 (22:05:05) | ===> btop++ v.1.4.0
2025/03/06 (22:05:05) | WARNING: Intel GPU: Failed to initialize PMU

2025/03/07 (07:07:42) | ===> btop++ v.1.4.0
2025/03/07 (07:07:42) | WARNING: Intel GPU: Failed to initialize PMU

2025/03/07 (21:07:05) | ===> btop++ v.1.4.0
2025/03/07 (21:07:05) | WARNING: Intel GPU: Failed to initialize PMU

2025/03/07 (21:10:01) | ===> btop++ v.1.4.0
2025/03/07 (21:10:01) | WARNING: Intel GPU: Failed to initialize PMU

2025/03/07 (21:11:57) | ===> btop++ v.1.4.0
2025/03/07 (21:11:57) | WARNING: Intel GPU: Failed to initialize PMU

2025/03/07 (21:16:48) | ===> btop++ v.1.4.0
2025/03/07 (21:16:48) | WARNING: Intel GPU: Failed to initialize PMU

2025/03/07 (21:16:55) | ===> btop++ v.1.4.0
2025/03/07 (21:16:55) | WARNING: Intel GPU: Failed to initialize PMU

2025/03/07 (21:17:01) | ===> btop++ v.1.4.0
2025/03/07 (21:17:01) | WARNING: Intel GPU: Failed to initialize PMU

2025/03/07 (21:19:57) | ===> btop++ v.1.4.0
2025/03/07 (21:19:57) | WARNING: Intel GPU: Failed to initialize PMU

2025/03/07 (21:22:25) | ===> btop++ v.1.4.0
2025/03/07 (21:22:25) | WARNING: Intel GPU: Failed to initialize PMU

2025/03/07 (21:49:12) | ===> btop++ v.1.4.0
2025/03/07 (21:49:12) | WARNING: Intel GPU: Failed to initialize PMU

2025/03/08 (09:31:08) | ===> btop++ v.1.4.0
2025/03/08 (09:31:08) | WARNING: Intel GPU: Failed to initialize PMU

2025/03/08 (11:40:00) | ===> btop++ v.1.4.0
2025/03/08 (11:40:00) | WARNING: Intel GPU: Failed to initialize PMU

2025/03/08 (12:26:26) | ===> btop++ v.1.4.0
2025/03/08 (12:26:26) | WARNING: Intel GPU: Failed to initialize PMU

2025/03/08 (12:45:54) | ===> btop++ v.1.4.0
2025/03/08 (12:45:54) | WARNING: Intel GPU: Failed to initialize PMU

2025/03/09 (10:58:38) | ===> btop++ v.1.4.0
2025/03/09 (10:58:38) | WARNING: Intel GPU: Failed to initialize PMU

2025/03/10 (18:35:49) | ===> btop++ v.1.4.0
2025/03/10 (18:35:49) | WARNING: Intel GPU: Failed to initialize PMU

2025/03/10 (19:19:06) | ===> btop++ v.1.4.0
2025/03/10 (19:19:06) | WARNING: Intel GPU: Failed to initialize PMU
2025/03/10 (19:19:07) | WARNING: Failed to join _runner thread on exit!

2025/03/10 (20:00:00) | ===> btop++ v.1.4.0
2025/03/10 (20:00:00) | WARNING: Intel GPU: Failed to initialize PMU

2025/03/11 (14:45:29) | ===> btop++ v.1.4.0
2025/03/11 (14:45:29) | WARNING: Intel GPU: Failed to initialize PMU

2025/03/11 (15:00:26) | ===> btop++ v.1.4.0
2025/03/11 (15:00:26) | WARNING: Intel GPU: Failed to initialize PMU

2025/03/12 (15:22:25) | ===> btop++ v.1.4.0
2025/03/12 (15:22:25) | WARNING: Intel GPU: Failed to initialize PMU

2025/03/12 (16:22:23) | ===> btop++ v.1.4.0
2025/03/12 (16:22:23) | WARNING: Intel GPU: Failed to initialize PMU

2025/03/12 (20:09:51) | ===> btop++ v.1.4.0
2025/03/12 (20:09:51) | WARNING: Intel GPU: Failed to initialize PMU

2025/03/13 (07:07:17) | ===> btop++ v.1.4.0
2025/03/13 (07:07:17) | WARNING: Intel GPU: Failed to initialize PMU

2025/03/13 (08:02:05) | ===> btop++ v.1.4.0
2025/03/13 (08:02:05) | WARNING: Intel GPU: Failed to initialize PMU

2025/03/14 (16:52:00) | ===> btop++ v.1.4.0
2025/03/14 (16:52:00) | WARNING: Intel GPU: Failed to initialize PMU

2025/03/15 (14:03:40) | ===> btop++ v.1.4.0
2025/03/15 (14:03:40) | WARNING: Intel GPU: Failed to initialize PMU

2017/01/01 (03:02:09) | ===> btop++ v.1.4.0
2017/01/01 (03:02:09) | WARNING: Intel GPU: Failed to initialize PMU

2025/03/17 (16:45:11) | ===> btop++ v.1.4.0
2025/03/17 (16:45:11) | WARNING: Intel GPU: Failed to initialize PMU

2025/03/17 (13:46:36) | ===> btop++ v.1.4.0
2025/03/17 (13:46:36) | WARNING: Intel GPU: Failed to initialize PMU

2025/03/17 (13:49:42) | ===> btop++ v.1.4.0
2025/03/17 (13:49:42) | WARNING: Intel GPU: Failed to initialize PMU
2025/03/17 (13:53:25) | ERROR: Stall in Runner thread, restarting!

2025/03/17 (13:55:09) | ===> btop++ v.1.4.0
2025/03/17 (13:55:09) | WARNING: Intel GPU: Failed to initialize PMU

2025/03/17 (14:27:20) | ===> btop++ v.1.4.0
2025/03/17 (14:27:20) | WARNING: Intel GPU: Failed to initialize PMU

2025/03/17 (14:36:55) | ===> btop++ v.1.4.0
2025/03/17 (14:36:55) | WARNING: Intel GPU: Failed to initialize PMU

2025/03/17 (14:43:14) | ===> btop++ v.1.4.0
2025/03/17 (14:43:14) | WARNING: Intel GPU: Failed to initialize PMU

2025/03/17 (15:02:04) | ===> btop++ v.1.4.0
2025/03/17 (15:02:04) | WARNING: Intel GPU: Failed to initialize PMU

2025/03/17 (15:21:56) | ===> btop++ v.1.4.0
2025/03/17 (15:21:56) | WARNING: Intel GPU: Failed to initialize PMU

2025/03/17 (15:38:45) | ===> btop++ v.1.4.0
2025/03/17 (15:38:45) | WARNING: Intel GPU: Failed to initialize PMU

2025/03/17 (15:38:50) | ===> btop++ v.1.4.0
2025/03/17 (15:38:50) | WARNING: Intel GPU: Failed to initialize PMU

2025/03/17 (15:39:29) | ===> btop++ v.1.4.0
2025/03/17 (15:39:29) | WARNING: Intel GPU: Failed to initialize PMU

2025/03/17 (15:50:34) | ===> btop++ v.1.4.0
2025/03/17 (15:50:34) | WARNING: Intel GPU: Failed to initialize PMU

2025/03/17 (15:51:54) | ===> btop++ v.1.4.0
2025/03/17 (15:51:54) | WARNING: Intel GPU: Failed to initialize PMU

2025/03/17 (18:42:17) | ===> btop++ v.1.4.0
2025/03/17 (18:42:17) | WARNING: Intel GPU: Failed to initialize PMU

2025/03/17 (19:46:08) | ===> btop++ v.1.4.0
2025/03/17 (19:46:08) | WARNING: Intel GPU: Failed to initialize PMU

2025/03/18 (09:28:12) | ===> btop++ v.1.4.0
2025/03/18 (09:28:12) | WARNING: Intel GPU: Failed to initialize PMU

2025/03/18 (11:18:47) | ===> btop++ v.1.4.0
2025/03/18 (11:18:47) | WARNING: Intel GPU: Failed to initialize PMU

2025/03/18 (13:42:24) | ===> btop++ v.1.4.0
2025/03/18 (13:42:24) | WARNING: Intel GPU: Failed to initialize PMU

2025/03/18 (15:13:57) | ===> btop++ v.1.4.0
2025/03/18 (15:13:57) | WARNING: Intel GPU: Failed to initialize PMU

2025/03/18 (18:13:53) | ===> btop++ v.1.4.0
2025/03/18 (18:13:53) | WARNING: Intel GPU: Failed to initialize PMU

2025/03/18 (20:56:26) | ===> btop++ v.1.4.0
2025/03/18 (20:56:26) | WARNING: Intel GPU: Failed to initialize PMU

2025/03/19 (15:07:46) | ===> btop++ v.1.4.0
2025/03/19 (15:07:46) | WARNING: Intel GPU: Failed to initialize PMU

2025/03/19 (18:30:20) | ===> btop++ v.1.4.0
2025/03/19 (18:30:20) | WARNING: Intel GPU: Failed to initialize PMU

2025/03/20 (07:24:33) | ===> btop++ v.1.4.0
2025/03/20 (07:24:33) | WARNING: Intel GPU: Failed to initialize PMU

2025/03/22 (12:25:18) | ===> btop++ v.1.4.0
2025/03/22 (12:25:18) | WARNING: Intel GPU: Failed to initialize PMU

2025/03/22 (14:08:51) | ===> btop++ v.1.4.0
2025/03/22 (14:08:51) | WARNING: Intel GPU: Failed to initialize PMU
2025/03/22 (14:08:51) | WARNING: Failed to get disk/partition stats for mount "/boot/efi" with statvfs error code: 13. Ignoring...
2025/03/22 (14:08:51) | ERROR: Net::collect() -> getifaddrs() failed with id -1
2025/03/22 (14:08:51) | ERROR: Net::collect() -> getifaddrs() failed with id -1
2025/03/22 (14:08:52) | ERROR: Net::collect() -> getifaddrs() failed with id -1
2025/03/22 (14:08:56) | WARNING: Failed to join _runner thread on exit!

2025/03/22 (20:47:39) | ===> btop++ v.1.4.0
2025/03/22 (20:47:39) | WARNING: Intel GPU: Failed to initialize PMU

2025/03/22 (21:24:21) | ===> btop++ v.1.4.0
2025/03/22 (21:24:21) | WARNING: Intel GPU: Failed to initialize PMU

2025/03/23 (10:41:47) | ===> btop++ v.1.4.0
2025/03/23 (10:41:47) | WARNING: Intel GPU: Failed to initialize PMU

2025/03/23 (10:47:36) | ===> btop++ v.1.4.0
2025/03/23 (10:47:36) | WARNING: Intel GPU: Failed to initialize PMU

2025/03/23 (11:32:07) | ===> btop++ v.1.4.0
2025/03/23 (11:32:07) | WARNING: Intel GPU: Failed to initialize PMU

2025/03/23 (11:42:27) | ===> btop++ v.1.4.0
2025/03/23 (11:42:27) | WARNING: Intel GPU: Failed to initialize PMU

2025/03/23 (13:26:26) | ===> btop++ v.1.4.0
2025/03/23 (13:26:26) | WARNING: Intel GPU: Failed to initialize PMU

2025/03/23 (13:46:27) | ===> btop++ v.1.4.0
2025/03/23 (13:46:27) | WARNING: Intel GPU: Failed to initialize PMU

2025/03/23 (15:39:42) | ===> btop++ v.1.4.0
2025/03/23 (15:39:42) | WARNING: Intel GPU: Failed to initialize PMU

2025/03/23 (16:53:58) | ===> btop++ v.1.4.0
2025/03/23 (16:53:58) | WARNING: Intel GPU: Failed to initialize PMU
2025/03/23 (16:54:02) | WARNING: Failed to join _runner thread on exit!

2025/03/23 (16:54:25) | ===> btop++ v.1.4.0
2025/03/23 (16:54:25) | WARNING: Intel GPU: Failed to initialize PMU
2025/03/23 (16:54:29) | WARNING: Failed to join _runner thread on exit!

2025/03/23 (16:55:13) | ===> btop++ v.1.4.0
2025/03/23 (16:55:13) | WARNING: Intel GPU: Failed to initialize PMU
2025/03/23 (17:02:05) | WARNING: Failed to join _runner thread on exit!

2025/03/23 (17:03:18) | ===> btop++ v.1.4.0
2025/03/23 (17:03:18) | WARNING: Intel GPU: Failed to initialize PMU

2025/03/24 (10:58:42) | ===> btop++ v.1.4.0
2025/03/24 (10:58:42) | WARNING: Intel GPU: Failed to initialize PMU

2025/03/24 (11:07:39) | ===> btop++ v.1.4.0
2025/03/24 (11:07:39) | WARNING: Intel GPU: Failed to initialize PMU

2025/03/24 (12:13:21) | ===> btop++ v.1.4.0
2025/03/24 (12:13:21) | WARNING: Intel GPU: Failed to initialize PMU

2025/03/24 (12:32:58) | ===> btop++ v.1.4.0
2025/03/24 (12:32:58) | WARNING: Intel GPU: Failed to initialize PMU

2025/03/24 (15:38:58) | ===> btop++ v.1.4.0
2025/03/24 (15:38:58) | WARNING: Intel GPU: Failed to initialize PMU

2025/03/24 (16:29:56) | ===> btop++ v.1.4.0
2025/03/24 (16:29:56) | WARNING: Intel GPU: Failed to initialize PMU

2025/03/24 (17:54:34) | ===> btop++ v.1.4.0
2025/03/24 (17:54:34) | WARNING: Intel GPU: Failed to initialize PMU

2025/03/24 (18:06:48) | ===> btop++ v.1.4.0
2025/03/24 (18:06:48) | WARNING: Intel GPU: Failed to initialize PMU

2025/03/24 (20:47:40) | ===> btop++ v.1.4.0
2025/03/24 (20:47:40) | WARNING: Intel GPU: Failed to initialize PMU

2025/03/25 (15:52:17) | ===> btop++ v.1.4.0
2025/03/25 (15:52:17) | WARNING: Intel GPU: Failed to initialize PMU

2025/03/25 (18:12:41) | ===> btop++ v.1.4.0
2025/03/25 (18:12:41) | WARNING: Intel GPU: Failed to initialize PMU

2025/03/25 (20:57:27) | ===> btop++ v.1.4.0
2025/03/25 (20:57:27) | WARNING: Intel GPU: Failed to initialize PMU

2025/03/26 (15:09:52) | ===> btop++ v.1.4.0
2025/03/26 (15:09:52) | WARNING: Intel GPU: Failed to initialize PMU

2025/03/26 (16:36:25) | ===> btop++ v.1.4.0
2025/03/26 (16:36:25) | WARNING: Intel GPU: Failed to initialize PMU

2025/03/27 (18:51:42) | ===> btop++ v.1.4.0
2025/03/27 (18:51:42) | WARNING: Intel GPU: Failed to initialize PMU

2025/03/28 (20:25:09) | ===> btop++ v.1.4.0
2025/03/28 (20:25:09) | WARNING: Intel GPU: Failed to initialize PMU

2025/03/28 (20:33:45) | ===> btop++ v.1.4.0
2025/03/28 (20:33:45) | WARNING: Intel GPU: Failed to initialize PMU

2025/03/28 (20:37:29) | ===> btop++ v.1.4.0
2025/03/28 (20:37:29) | WARNING: Intel GPU: Failed to initialize PMU

2025/03/28 (20:51:56) | ===> btop++ v.1.4.0
2025/03/28 (20:51:56) | WARNING: Intel GPU: Failed to initialize PMU

2025/03/28 (21:39:32) | ===> btop++ v.1.4.0
2025/03/28 (21:39:32) | WARNING: Intel GPU: Failed to initialize PMU

2025/03/29 (08:23:40) | ===> btop++ v.1.4.0
2025/03/29 (08:23:40) | WARNING: Intel GPU: Failed to initialize PMU

2025/03/29 (12:31:23) | ===> btop++ v.1.4.0
2025/03/29 (12:31:23) | WARNING: Intel GPU: Failed to initialize PMU
2025/03/29 (12:34:07) | WARNING: Failed to join _runner thread on exit!

2025/03/29 (12:34:20) | ===> btop++ v.1.4.0
2025/03/29 (12:34:20) | WARNING: Intel GPU: Failed to initialize PMU

2025/03/29 (18:26:10) | ===> btop++ v.1.4.0
2025/03/29 (18:26:10) | WARNING: Intel GPU: Failed to initialize PMU

2025/03/29 (21:35:53) | ===> btop++ v.1.4.0
2025/03/29 (21:35:53) | WARNING: Intel GPU: Failed to initialize PMU

2025/03/30 (10:15:05) | ===> btop++ v.1.4.0
2025/03/30 (10:15:05) | WARNING: Intel GPU: Failed to initialize PMU

2025/03/30 (10:32:10) | ===> btop++ v.1.4.0
2025/03/30 (10:32:10) | WARNING: Intel GPU: Failed to initialize PMU
2025/03/30 (11:21:04) | WARNING: Failed to join _runner thread on exit!

2025/03/30 (11:21:10) | ===> btop++ v.1.4.0
2025/03/30 (11:21:10) | WARNING: Intel GPU: Failed to initialize PMU
2025/03/30 (11:21:28) | WARNING: Failed to join _runner thread on exit!

2025/03/30 (11:21:33) | ===> btop++ v.1.4.0
2025/03/30 (11:21:33) | WARNING: Intel GPU: Failed to initialize PMU

2025/03/30 (11:39:18) | ===> btop++ v.1.4.0
2025/03/30 (11:39:18) | WARNING: Intel GPU: Failed to initialize PMU
2025/03/30 (11:39:59) | WARNING: Failed to join _runner thread on exit!

2025/03/30 (11:40:08) | ===> btop++ v.1.4.0
2025/03/30 (11:40:08) | WARNING: Intel GPU: Failed to initialize PMU

2025/03/30 (12:46:56) | ===> btop++ v.1.4.0
2025/03/30 (12:46:56) | WARNING: Intel GPU: Failed to initialize PMU

2025/03/30 (18:03:36) | ===> btop++ v.1.4.0
2025/03/30 (18:03:36) | WARNING: Intel GPU: Failed to initialize PMU
2025/03/30 (18:03:54) | WARNING: Failed to join _runner thread on exit!

2025/04/01 (08:38:50) | ===> btop++ v.1.4.0
2025/04/01 (08:38:50) | WARNING: Intel GPU: Failed to initialize PMU

2025/04/01 (09:46:55) | ===> btop++ v.1.4.0
2025/04/01 (09:46:55) | WARNING: Intel GPU: Failed to initialize PMU

2025/04/01 (13:41:47) | ===> btop++ v.1.4.0
2025/04/01 (13:41:47) | WARNING: Intel GPU: Failed to initialize PMU

2025/04/01 (19:01:02) | ===> btop++ v.1.4.0
2025/04/01 (19:01:02) | WARNING: Intel GPU: Failed to initialize PMU

2025/04/02 (15:08:46) | ===> btop++ v.1.4.0
2025/04/02 (15:08:46) | WARNING: Intel GPU: Failed to initialize PMU

2025/04/02 (22:03:49) | ===> btop++ v.1.4.0
2025/04/02 (22:03:49) | WARNING: Intel GPU: Failed to initialize PMU

2025/04/03 (17:22:27) | ===> btop++ v.1.4.0
2025/04/03 (17:22:27) | WARNING: Intel GPU: Failed to initialize PMU

2025/04/03 (20:45:54) | ===> btop++ v.1.4.0
2025/04/03 (20:45:54) | WARNING: Intel GPU: Failed to initialize PMU

2025/04/04 (20:44:35) | ===> btop++ v.1.4.0
2025/04/04 (20:44:35) | WARNING: Intel GPU: Failed to initialize PMU

2025/04/04 (20:49:52) | ===> btop++ v.1.4.0
2025/04/04 (20:49:52) | WARNING: Intel GPU: Failed to initialize PMU

2025/04/04 (20:50:05) | ===> btop++ v.1.4.0
2025/04/04 (20:50:05) | WARNING: Intel GPU: Failed to initialize PMU

2025/04/04 (21:43:53) | ===> btop++ v.1.4.0
2025/04/04 (21:43:53) | WARNING: Intel GPU: Failed to initialize PMU

2025/04/05 (10:28:04) | ===> btop++ v.1.4.0
2025/04/05 (10:28:04) | WARNING: Intel GPU: Failed to initialize PMU

2025/04/05 (13:45:25) | ===> btop++ v.1.4.0
2025/04/05 (13:45:25) | WARNING: Intel GPU: Failed to initialize PMU

2025/04/06 (10:57:42) | ===> btop++ v.1.4.0
2025/04/06 (10:57:42) | WARNING: Intel GPU: Failed to initialize PMU

2025/04/06 (14:14:13) | ===> btop++ v.1.4.0
2025/04/06 (14:14:13) | WARNING: Intel GPU: Failed to initialize PMU

2025/04/09 (15:07:59) | ===> btop++ v.1.4.0
2025/04/09 (15:07:59) | WARNING: Intel GPU: Failed to initialize PMU

2025/04/09 (15:44:22) | ===> btop++ v.1.4.0
2025/04/09 (15:44:22) | WARNING: Intel GPU: Failed to initialize PMU
2025/04/09 (15:58:36) | WARNING: Failed to join _runner thread on exit!

2025/04/09 (20:36:04) | ===> btop++ v.1.4.0
2025/04/09 (20:36:04) | WARNING: Intel GPU: Failed to initialize PMU

2025/04/10 (19:09:16) | ===> btop++ v.1.4.0
2025/04/10 (19:09:16) | WARNING: Intel GPU: Failed to initialize PMU

2025/04/10 (19:44:27) | ===> btop++ v.1.4.0
2025/04/10 (19:44:27) | WARNING: Intel GPU: Failed to initialize PMU

2025/04/12 (08:53:12) | ===> btop++ v.1.4.0
2025/04/12 (08:53:12) | WARNING: Intel GPU: Failed to initialize PMU

2025/04/12 (10:22:55) | ===> btop++ v.1.4.0
2025/04/12 (10:22:55) | WARNING: Intel GPU: Failed to initialize PMU

2025/04/12 (12:17:51) | ===> btop++ v.1.4.0
2025/04/12 (12:17:51) | WARNING: Intel GPU: Failed to initialize PMU

2025/04/12 (14:25:17) | ===> btop++ v.1.4.0
2025/04/12 (14:25:17) | WARNING: Intel GPU: Failed to initialize PMU

2025/04/13 (11:16:43) | ===> btop++ v.1.4.0
2025/04/13 (11:16:43) | WARNING: Intel GPU: Failed to initialize PMU

2025/04/13 (12:29:37) | ===> btop++ v.1.4.0
2025/04/13 (12:29:37) | WARNING: Intel GPU: Failed to initialize PMU

2025/04/13 (12:29:47) | ===> btop++ v.1.4.0
2025/04/13 (12:29:47) | WARNING: Intel GPU: Failed to initialize PMU
2025/04/13 (12:43:18) | WARNING: Failed to join _runner thread on exit!

2025/04/13 (12:49:42) | ===> btop++ v.1.4.0
2025/04/13 (12:49:42) | WARNING: Intel GPU: Failed to initialize PMU

2025/04/13 (18:42:56) | ===> btop++ v.1.4.0
2025/04/13 (18:42:56) | WARNING: Intel GPU: Failed to initialize PMU

2025/04/14 (17:41:10) | ===> btop++ v.1.4.0
2025/04/14 (17:41:10) | WARNING: Intel GPU: Failed to initialize PMU

2025/04/14 (17:44:58) | ===> btop++ v.1.4.0
2025/04/14 (17:44:58) | WARNING: Intel GPU: Failed to initialize PMU

2025/04/14 (18:10:40) | ===> btop++ v.1.4.0
2025/04/14 (18:10:40) | WARNING: Intel GPU: Failed to initialize PMU

2025/04/15 (09:44:18) | ===> btop++ v.1.4.0
2025/04/15 (09:44:18) | WARNING: Intel GPU: Failed to initialize PMU

2025/04/15 (13:25:01) | ===> btop++ v.1.4.0
2025/04/15 (13:25:01) | WARNING: Intel GPU: Failed to initialize PMU

2025/04/15 (15:00:10) | ===> btop++ v.1.4.0
2025/04/15 (15:00:10) | WARNING: Intel GPU: Failed to initialize PMU

2025/04/15 (17:57:06) | ===> btop++ v.1.4.0
2025/04/15 (17:57:06) | WARNING: Intel GPU: Failed to initialize PMU

2025/04/15 (17:59:22) | ===> btop++ v.1.4.0
2025/04/15 (17:59:22) | ERROR: Couldn't determine terminal size of "STDOUT_FILENO"!
2025/04/15 (17:59:22) | ERROR: Couldn't determine terminal size of "STDOUT_FILENO"!
2025/04/15 (17:59:22) | ERROR: Couldn't determine terminal size of "STDOUT_FILENO"!
2025/04/15 (17:59:22) | WARNING: Intel GPU: Failed to initialize PMU
2025/04/15 (17:59:22) | ERROR: Couldn't determine terminal size of "STDOUT_FILENO"!
2025/04/15 (17:59:22) | ERROR: Couldn't determine terminal size of "STDOUT_FILENO"!
2025/04/15 (17:59:22) | ERROR: Couldn't determine terminal size of "STDOUT_FILENO"!
2025/04/15 (17:59:22) | ERROR: Couldn't determine terminal size of "STDOUT_FILENO"!
2025/04/15 (17:59:23) | ERROR: Couldn't determine terminal size of "STDOUT_FILENO"!
2025/04/15 (17:59:23) | ERROR: Couldn't determine terminal size of "STDOUT_FILENO"!
2025/04/15 (17:59:24) | ERROR: Couldn't determine terminal size of "STDOUT_FILENO"!
2025/04/15 (17:59:24) | ERROR: Couldn't determine terminal size of "STDOUT_FILENO"!
2025/04/15 (17:59:25) | ERROR: Couldn't determine terminal size of "STDOUT_FILENO"!
2025/04/15 (17:59:25) | ERROR: Couldn't determine terminal size of "STDOUT_FILENO"!
2025/04/15 (17:59:26) | ERROR: Couldn't determine terminal size of "STDOUT_FILENO"!
2025/04/15 (17:59:26) | ERROR: Couldn't determine terminal size of "STDOUT_FILENO"!
2025/04/15 (17:59:27) | ERROR: Couldn't determine terminal size of "STDOUT_FILENO"!
2025/04/15 (17:59:27) | ERROR: Couldn't determine terminal size of "STDOUT_FILENO"!
2025/04/15 (17:59:28) | ERROR: Couldn't determine terminal size of "STDOUT_FILENO"!
2025/04/15 (17:59:28) | ERROR: Couldn't determine terminal size of "STDOUT_FILENO"!
2025/04/15 (17:59:29) | ERROR: Couldn't determine terminal size of "STDOUT_FILENO"!
2025/04/15 (17:59:29) | ERROR: Couldn't determine terminal size of "STDOUT_FILENO"!
2025/04/15 (17:59:30) | ERROR: Couldn't determine terminal size of "STDOUT_FILENO"!
2025/04/15 (17:59:30) | ERROR: Couldn't determine terminal size of "STDOUT_FILENO"!
2025/04/15 (17:59:31) | ERROR: Couldn't determine terminal size of "STDOUT_FILENO"!
2025/04/15 (17:59:31) | ERROR: Couldn't determine terminal size of "STDOUT_FILENO"!
2025/04/15 (17:59:32) | ERROR: Couldn't determine terminal size of "STDOUT_FILENO"!
2025/04/15 (17:59:32) | ERROR: Couldn't determine terminal size of "STDOUT_FILENO"!
2025/04/15 (17:59:33) | ERROR: Couldn't determine terminal size of "STDOUT_FILENO"!
2025/04/15 (17:59:33) | ERROR: Couldn't determine terminal size of "STDOUT_FILENO"!
2025/04/15 (17:59:34) | ERROR: Couldn't determine terminal size of "STDOUT_FILENO"!
2025/04/15 (17:59:34) | ERROR: Couldn't determine terminal size of "STDOUT_FILENO"!
2025/04/15 (17:59:35) | ERROR: Couldn't determine terminal size of "STDOUT_FILENO"!
2025/04/15 (17:59:35) | ERROR: Couldn't determine terminal size of "STDOUT_FILENO"!
2025/04/15 (17:59:36) | ERROR: Couldn't determine terminal size of "STDOUT_FILENO"!
2025/04/15 (17:59:37) | ERROR: Couldn't determine terminal size of "STDOUT_FILENO"!
2025/04/15 (17:59:37) | ERROR: Couldn't determine terminal size of "STDOUT_FILENO"!
2025/04/15 (17:59:38) | ERROR: Couldn't determine terminal size of "STDOUT_FILENO"!
2025/04/15 (17:59:38) | ERROR: Couldn't determine terminal size of "STDOUT_FILENO"!
2025/04/15 (17:59:39) | ERROR: Couldn't determine terminal size of "STDOUT_FILENO"!
2025/04/15 (17:59:39) | ERROR: Couldn't determine terminal size of "STDOUT_FILENO"!
2025/04/15 (17:59:40) | ERROR: Couldn't determine terminal size of "STDOUT_FILENO"!
2025/04/15 (17:59:40) | ERROR: Couldn't determine terminal size of "STDOUT_FILENO"!
2025/04/15 (17:59:41) | ERROR: Couldn't determine terminal size of "STDOUT_FILENO"!
2025/04/15 (17:59:41) | ERROR: Couldn't determine terminal size of "STDOUT_FILENO"!
2025/04/15 (17:59:42) | ERROR: Couldn't determine terminal size of "STDOUT_FILENO"!
2025/04/15 (17:59:42) | ERROR: Couldn't determine terminal size of "STDOUT_FILENO"!
2025/04/15 (17:59:43) | ERROR: Couldn't determine terminal size of "STDOUT_FILENO"!
2025/04/15 (17:59:43) | ERROR: Couldn't determine terminal size of "STDOUT_FILENO"!
2025/04/15 (17:59:44) | ERROR: Couldn't determine terminal size of "STDOUT_FILENO"!
2025/04/15 (17:59:44) | ERROR: Couldn't determine terminal size of "STDOUT_FILENO"!
2025/04/15 (17:59:45) | ERROR: Couldn't determine terminal size of "STDOUT_FILENO"!
2025/04/15 (17:59:45) | ERROR: Couldn't determine terminal size of "STDOUT_FILENO"!
2025/04/15 (17:59:46) | ERROR: Couldn't determine terminal size of "STDOUT_FILENO"!
2025/04/15 (17:59:46) | ERROR: Couldn't determine terminal size of "STDOUT_FILENO"!
2025/04/15 (17:59:47) | ERROR: Couldn't determine terminal size of "STDOUT_FILENO"!
2025/04/15 (17:59:47) | ERROR: Couldn't determine terminal size of "STDOUT_FILENO"!
2025/04/15 (17:59:48) | ERROR: Couldn't determine terminal size of "STDOUT_FILENO"!
2025/04/15 (17:59:48) | ERROR: Couldn't determine terminal size of "STDOUT_FILENO"!
2025/04/15 (17:59:49) | ERROR: Couldn't determine terminal size of "STDOUT_FILENO"!
2025/04/15 (17:59:49) | ERROR: Couldn't determine terminal size of "STDOUT_FILENO"!
2025/04/15 (17:59:50) | ERROR: Couldn't determine terminal size of "STDOUT_FILENO"!
2025/04/15 (17:59:50) | ERROR: Couldn't determine terminal size of "STDOUT_FILENO"!
2025/04/15 (17:59:51) | ERROR: Couldn't determine terminal size of "STDOUT_FILENO"!
2025/04/15 (17:59:51) | ERROR: Couldn't determine terminal size of "STDOUT_FILENO"!
2025/04/15 (17:59:52) | ERROR: Couldn't determine terminal size of "STDOUT_FILENO"!
2025/04/15 (17:59:52) | ERROR: Couldn't determine terminal size of "STDOUT_FILENO"!
2025/04/15 (17:59:53) | ERROR: Couldn't determine terminal size of "STDOUT_FILENO"!
2025/04/15 (17:59:53) | ERROR: Couldn't determine terminal size of "STDOUT_FILENO"!
2025/04/15 (17:59:54) | ERROR: Couldn't determine terminal size of "STDOUT_FILENO"!
2025/04/15 (17:59:54) | ERROR: Couldn't determine terminal size of "STDOUT_FILENO"!
2025/04/15 (17:59:55) | ERROR: Couldn't determine terminal size of "STDOUT_FILENO"!
2025/04/15 (17:59:55) | ERROR: Couldn't determine terminal size of "STDOUT_FILENO"!
2025/04/15 (17:59:55) | ERROR: Couldn't determine terminal size of "STDOUT_FILENO"!

2025/04/15 (18:00:48) | ===> btop++ v.1.4.0
2025/04/15 (18:00:48) | WARNING: Intel GPU: Failed to initialize PMU

2025/04/15 (18:02:06) | ===> btop++ v.1.4.0
2025/04/15 (18:02:06) | WARNING: Intel GPU: Failed to initialize PMU

2025/04/18 (17:50:31) | ===> btop++ v.1.4.0
2025/04/18 (17:50:31) | WARNING: Intel GPU: Failed to initialize PMU

2025/04/18 (19:02:28) | ===> btop++ v.1.4.0
2025/04/18 (19:02:28) | WARNING: Intel GPU: Failed to initialize PMU

2025/04/18 (20:53:18) | ===> btop++ v.1.4.0
2025/04/18 (20:53:18) | WARNING: Intel GPU: Failed to initialize PMU

2025/04/19 (12:36:16) | ===> btop++ v.1.4.0
2025/04/19 (12:36:16) | WARNING: Intel GPU: Failed to initialize PMU

2025/04/20 (10:58:34) | ===> btop++ v.1.4.0
2025/04/20 (10:58:34) | WARNING: Intel GPU: Failed to initialize PMU

2025/04/20 (10:59:31) | ===> btop++ v.1.4.0
2025/04/20 (10:59:31) | WARNING: Intel GPU: Failed to initialize PMU

2025/04/20 (17:28:18) | ===> btop++ v.1.4.0
2025/04/20 (17:28:18) | WARNING: Intel GPU: Failed to initialize PMU

2025/04/21 (11:38:48) | ===> btop++ v.1.4.0
2025/04/21 (11:38:48) | WARNING: Intel GPU: Failed to initialize PMU

2025/04/21 (15:45:07) | ===> btop++ v.1.4.0
2025/04/21 (15:45:07) | WARNING: Intel GPU: Failed to initialize PMU

2025/04/22 (14:52:41) | ===> btop++ v.1.4.0
2025/04/22 (14:52:41) | WARNING: Intel GPU: Failed to initialize PMU

2025/04/22 (15:35:52) | ===> btop++ v.1.4.0
2025/04/22 (15:35:52) | WARNING: Intel GPU: Failed to initialize PMU

2025/04/22 (15:36:05) | ===> btop++ v.1.4.0
2025/04/22 (15:36:05) | WARNING: Intel GPU: Failed to initialize PMU

2025/04/22 (16:29:11) | ===> btop++ v.1.4.0
2025/04/22 (16:29:11) | WARNING: Intel GPU: Failed to initialize PMU

2025/04/22 (18:04:37) | ===> btop++ v.1.4.0
2025/04/22 (18:04:37) | WARNING: Intel GPU: Failed to initialize PMU

2025/04/23 (07:08:45) | ===> btop++ v.1.4.0
2025/04/23 (07:08:45) | WARNING: Intel GPU: Failed to initialize PMU

2025/04/23 (15:09:01) | ===> btop++ v.1.4.0
2025/04/23 (15:09:01) | WARNING: Intel GPU: Failed to initialize PMU

2025/04/23 (20:04:46) | ===> btop++ v.1.4.0
2025/04/23 (20:04:46) | WARNING: Intel GPU: Failed to initialize PMU

2025/04/23 (20:05:14) | ===> btop++ v.1.4.0
2025/04/23 (20:05:14) | WARNING: Intel GPU: Failed to initialize PMU
2025/04/23 (20:05:21) | WARNING: Failed to join _runner thread on exit!

2025/04/26 (11:16:18) | ===> btop++ v.1.4.0
2025/04/26 (11:16:18) | WARNING: Intel GPU: Failed to initialize PMU

2025/04/27 (14:51:59) | ===> btop++ v.1.4.0
2025/04/27 (14:51:59) | WARNING: Intel GPU: Failed to initialize PMU
2025/04/27 (14:59:29) | WARNING: Failed to join _runner thread on exit!

2025/04/28 (16:28:17) | ===> btop++ v.1.4.0
2025/04/28 (16:28:17) | WARNING: Intel GPU: Failed to initialize PMU

2025/04/29 (11:26:17) | ===> btop++ v.1.4.0
2025/04/29 (11:26:17) | WARNING: Intel GPU: Failed to initialize PMU

2025/04/29 (18:28:15) | ===> btop++ v.1.4.0
2025/04/29 (18:28:15) | WARNING: Intel GPU: Failed to initialize PMU
